2014-08-19T22:08:34+08:00 DEBUG: --- STARTUP TIME --- 1408457314.0643
2014-08-19T22:08:34+08:00 DEBUG: MyApp::_initConfig
2014-08-19T22:08:34+08:00 DEBUG: session_start()
2014-08-19T22:08:34+08:00 DEBUG: session_id: rrpj4dmannteji261be7i66k40
2014-08-19T22:08:34+08:00 DEBUG: REQUEST UDI: default::default/index@default
2014-08-19T22:08:34+08:00 DEBUG: EXECUTE ACTION: Controller_Default::actionindex()
2014-08-19T22:08:34+08:00 DEBUG: --- SHUTDOWN TIME --- 1408457314.1836 (0.11929416656494)sec
2014-08-19T22:11:00+08:00 DEBUG: --- STARTUP TIME --- 1408457460.6752
2014-08-19T22:11:00+08:00 DEBUG: MyApp::_initConfig
2014-08-19T22:11:00+08:00 DEBUG: session_start()
2014-08-19T22:11:00+08:00 DEBUG: session_id: rrpj4dmannteji261be7i66k40
2014-08-19T22:11:00+08:00 DEBUG: REQUEST UDI: default::default/index@default
2014-08-19T22:11:00+08:00 DEBUG: EXECUTE ACTION: Controller_Default::actionindex()
2014-08-19T22:11:00+08:00 DEBUG: --- SHUTDOWN TIME --- 1408457460.9729 (0.29773783683777)sec
2014-08-19T22:11:02+08:00 DEBUG: --- STARTUP TIME --- 1408457462.4962
2014-08-19T22:11:02+08:00 DEBUG: MyApp::_initConfig
2014-08-19T22:11:02+08:00 DEBUG: session_start()
2014-08-19T22:11:02+08:00 DEBUG: session_id: rrpj4dmannteji261be7i66k40
2014-08-19T22:11:02+08:00 DEBUG: REQUEST UDI: default::default/index@default
2014-08-19T22:11:02+08:00 DEBUG: EXECUTE ACTION: Controller_Default::actionindex()
2014-08-19T22:11:02+08:00 DEBUG: --- SHUTDOWN TIME --- 1408457462.5911 (0.094858884811401)sec
2014-08-19T22:12:59+08:00 DEBUG: --- STARTUP TIME --- 1408457579.2643
2014-08-19T22:12:59+08:00 DEBUG: MyApp::_initConfig
2014-08-19T22:12:59+08:00 DEBUG: session_start()
2014-08-19T22:12:59+08:00 DEBUG: session_id: rrpj4dmannteji261be7i66k40
2014-08-19T22:12:59+08:00 DEBUG: REQUEST UDI: default::default/index@default
2014-08-19T22:12:59+08:00 DEBUG: EXECUTE ACTION: Controller_Default::actionindex()
2014-08-19T22:12:59+08:00 DEBUG: --- SHUTDOWN TIME --- 1408457579.4582 (0.19384384155273)sec
2014-08-19T22:13:43+08:00 DEBUG: --- STARTUP TIME --- 1408457623.0367
2014-08-19T22:13:43+08:00 DEBUG: MyApp::_initConfig
2014-08-19T22:13:43+08:00 DEBUG: session_start()
2014-08-19T22:13:43+08:00 DEBUG: session_id: rrpj4dmannteji261be7i66k40
2014-08-19T22:13:43+08:00 DEBUG: REQUEST UDI: default::default/index@default
2014-08-19T22:13:43+08:00 DEBUG: EXECUTE ACTION: Controller_Default::actionindex()
2014-08-19T22:13:43+08:00 DEBUG: --- SHUTDOWN TIME --- 1408457623.1511 (0.11441802978516)sec
2014-08-19T22:14:43+08:00 DEBUG: --- STARTUP TIME --- 1408457683.6168
2014-08-19T22:14:43+08:00 DEBUG: MyApp::_initConfig
2014-08-19T22:14:43+08:00 DEBUG: session_start()
2014-08-19T22:14:43+08:00 DEBUG: session_id: rrpj4dmannteji261be7i66k40
2014-08-19T22:14:43+08:00 DEBUG: REQUEST UDI: default::default/index@default
2014-08-19T22:14:43+08:00 DEBUG: EXECUTE ACTION: Controller_Default::actionindex()
2014-08-19T22:14:43+08:00 DEBUG: --- SHUTDOWN TIME --- 1408457683.7501 (0.13331389427185)sec
2014-08-19T22:14:44+08:00 DEBUG: --- STARTUP TIME --- 1408457684.7801
2014-08-19T22:14:44+08:00 DEBUG: MyApp::_initConfig
2014-08-19T22:14:44+08:00 DEBUG: session_start()
2014-08-19T22:14:44+08:00 DEBUG: session_id: rrpj4dmannteji261be7i66k40
2014-08-19T22:14:44+08:00 DEBUG: REQUEST UDI: default::default/index@default
2014-08-19T22:14:44+08:00 DEBUG: EXECUTE ACTION: Controller_Default::actionindex()
2014-08-19T22:14:44+08:00 DEBUG: --- SHUTDOWN TIME --- 1408457684.8532 (0.073039054870605)sec
2014-08-19T23:03:50+08:00 DEBUG: --- STARTUP TIME --- 1408460630.898
2014-08-19T23:03:50+08:00 DEBUG: MyApp::_initConfig
2014-08-19T23:03:51+08:00 DEBUG: session_start()
2014-08-19T23:03:51+08:00 DEBUG: session_id: rrpj4dmannteji261be7i66k40
2014-08-19T23:03:51+08:00 DEBUG: REQUEST UDI: default::default/index@default
2014-08-19T23:03:51+08:00 DEBUG: EXECUTE ACTION: Controller_Default::actionindex()
2014-08-19T23:03:51+08:00 DEBUG: --- SHUTDOWN TIME --- 1408460631.0949 (0.19682383537292)sec
2014-08-19T23:05:24+08:00 DEBUG: --- STARTUP TIME --- 1408460724.0213
2014-08-19T23:05:24+08:00 DEBUG: MyApp::_initConfig
2014-08-19T23:05:24+08:00 DEBUG: session_start()
2014-08-19T23:05:24+08:00 DEBUG: session_id: rrpj4dmannteji261be7i66k40
2014-08-19T23:05:24+08:00 DEBUG: REQUEST UDI: default::default/index@default
2014-08-19T23:05:24+08:00 DEBUG: EXECUTE ACTION: Controller_Default::actionindex()
2014-08-19T23:05:24+08:00 DEBUG: --- SHUTDOWN TIME --- 1408460724.1316 (0.11033296585083)sec
