2014-08-22T23:44:54+08:00 DEBUG: --- STARTUP TIME --- 1408722294.3086
2014-08-22T23:44:54+08:00 DEBUG: MyApp::_initConfig
2014-08-22T23:44:54+08:00 DEBUG: session_start()
2014-08-22T23:44:54+08:00 DEBUG: session_id: lvlc5nh8ck79u8n0mun64qgl21
2014-08-22T23:44:54+08:00 DEBUG: REQUEST UDI: default::admin/index@default
2014-08-22T23:44:54+08:00 DEBUG: EXECUTE ACTION: Controller_Admin::actionindex()
2014-08-22T23:44:54+08:00 DEBUG: --- SHUTDOWN TIME --- 1408722294.3915 (0.082971811294556)sec
2014-08-22T23:44:54+08:00 DEBUG: --- STARTUP TIME --- 1408722294.9096
2014-08-22T23:44:54+08:00 DEBUG: MyApp::_initConfig
2014-08-22T23:44:54+08:00 DEBUG: session_start()
2014-08-22T23:44:54+08:00 DEBUG: session_id: lvlc5nh8ck79u8n0mun64qgl21
2014-08-22T23:44:54+08:00 DEBUG: REQUEST UDI: default::admin/index@default
2014-08-22T23:44:54+08:00 DEBUG: EXECUTE ACTION: Controller_Admin::actionindex()
2014-08-22T23:44:54+08:00 DEBUG: --- SHUTDOWN TIME --- 1408722294.9765 (0.066853046417236)sec
2014-08-22T23:44:55+08:00 DEBUG: --- STARTUP TIME --- 1408722295.43
2014-08-22T23:44:55+08:00 DEBUG: MyApp::_initConfig
2014-08-22T23:44:55+08:00 DEBUG: session_start()
2014-08-22T23:44:55+08:00 DEBUG: session_id: lvlc5nh8ck79u8n0mun64qgl21
2014-08-22T23:44:55+08:00 DEBUG: REQUEST UDI: default::admin/index@default
2014-08-22T23:44:55+08:00 DEBUG: EXECUTE ACTION: Controller_Admin::actionindex()
2014-08-22T23:44:55+08:00 DEBUG: --- SHUTDOWN TIME --- 1408722295.5069 (0.076866865158081)sec
2014-08-22T23:45:42+08:00 DEBUG: --- STARTUP TIME --- 1408722342.7675
2014-08-22T23:45:42+08:00 DEBUG: MyApp::_initConfig
2014-08-22T23:45:42+08:00 DEBUG: session_start()
2014-08-22T23:45:42+08:00 DEBUG: session_id: lvlc5nh8ck79u8n0mun64qgl21
2014-08-22T23:45:42+08:00 DEBUG: REQUEST UDI: default::admin/index@default
2014-08-22T23:45:42+08:00 DEBUG: EXECUTE ACTION: Controller_Admin::actionindex()
2014-08-22T23:45:42+08:00 DEBUG: --- SHUTDOWN TIME --- 1408722342.8489 (0.081341981887817)sec
2014-08-22T23:55:08+08:00 DEBUG: --- STARTUP TIME --- 1408722908.6536
2014-08-22T23:55:08+08:00 DEBUG: MyApp::_initConfig
2014-08-22T23:55:08+08:00 DEBUG: session_start()
2014-08-22T23:55:08+08:00 DEBUG: session_id: lvlc5nh8ck79u8n0mun64qgl21
2014-08-22T23:55:08+08:00 DEBUG: REQUEST UDI: default::admin/index@default
2014-08-22T23:55:08+08:00 DEBUG: EXECUTE ACTION: Controller_Admin::actionindex()
2014-08-22T23:55:08+08:00 DEBUG: --- SHUTDOWN TIME --- 1408722908.7427 (0.08903694152832)sec
2014-08-22T23:55:09+08:00 DEBUG: --- STARTUP TIME --- 1408722909.0196
2014-08-22T23:55:09+08:00 DEBUG: MyApp::_initConfig
2014-08-22T23:55:09+08:00 DEBUG: session_start()
2014-08-22T23:55:09+08:00 DEBUG: session_id: lvlc5nh8ck79u8n0mun64qgl21
2014-08-22T23:55:09+08:00 DEBUG: REQUEST UDI: default::admin/index@default
2014-08-22T23:55:09+08:00 DEBUG: EXECUTE ACTION: Controller_Admin::actionindex()
2014-08-22T23:55:09+08:00 DEBUG: --- SHUTDOWN TIME --- 1408722909.1065 (0.086894989013672)sec
2014-08-22T23:55:09+08:00 DEBUG: --- STARTUP TIME --- 1408722909.3092
2014-08-22T23:55:09+08:00 DEBUG: MyApp::_initConfig
2014-08-22T23:55:09+08:00 DEBUG: session_start()
2014-08-22T23:55:09+08:00 DEBUG: session_id: lvlc5nh8ck79u8n0mun64qgl21
2014-08-22T23:55:09+08:00 DEBUG: REQUEST UDI: default::admin/index@default
2014-08-22T23:55:09+08:00 DEBUG: EXECUTE ACTION: Controller_Admin::actionindex()
2014-08-22T23:55:09+08:00 DEBUG: --- SHUTDOWN TIME --- 1408722909.3926 (0.083416938781738)sec
2014-08-22T23:55:09+08:00 DEBUG: --- STARTUP TIME --- 1408722909.5718
2014-08-22T23:55:09+08:00 DEBUG: MyApp::_initConfig
2014-08-22T23:55:09+08:00 DEBUG: session_start()
2014-08-22T23:55:09+08:00 DEBUG: session_id: lvlc5nh8ck79u8n0mun64qgl21
2014-08-22T23:55:09+08:00 DEBUG: REQUEST UDI: default::admin/index@default
2014-08-22T23:55:09+08:00 DEBUG: EXECUTE ACTION: Controller_Admin::actionindex()
2014-08-22T23:55:09+08:00 DEBUG: --- SHUTDOWN TIME --- 1408722909.66 (0.088144063949585)sec
2014-08-22T23:55:09+08:00 DEBUG: --- STARTUP TIME --- 1408722909.8203
2014-08-22T23:55:09+08:00 DEBUG: MyApp::_initConfig
2014-08-22T23:55:09+08:00 DEBUG: session_start()
2014-08-22T23:55:09+08:00 DEBUG: session_id: lvlc5nh8ck79u8n0mun64qgl21
2014-08-22T23:55:09+08:00 DEBUG: REQUEST UDI: default::admin/index@default
2014-08-22T23:55:09+08:00 DEBUG: EXECUTE ACTION: Controller_Admin::actionindex()
2014-08-22T23:55:09+08:00 DEBUG: --- SHUTDOWN TIME --- 1408722909.9158 (0.09552001953125)sec
2014-08-22T23:55:10+08:00 DEBUG: --- STARTUP TIME --- 1408722910.0855
2014-08-22T23:55:10+08:00 DEBUG: MyApp::_initConfig
2014-08-22T23:55:10+08:00 DEBUG: session_start()
2014-08-22T23:55:10+08:00 DEBUG: session_id: lvlc5nh8ck79u8n0mun64qgl21
2014-08-22T23:55:10+08:00 DEBUG: REQUEST UDI: default::admin/index@default
2014-08-22T23:55:10+08:00 DEBUG: EXECUTE ACTION: Controller_Admin::actionindex()
2014-08-22T23:55:10+08:00 DEBUG: --- SHUTDOWN TIME --- 1408722910.196 (0.11048102378845)sec
2014-08-22T23:55:59+08:00 DEBUG: --- STARTUP TIME --- 1408722959.4034
2014-08-22T23:55:59+08:00 DEBUG: MyApp::_initConfig
2014-08-22T23:55:59+08:00 DEBUG: session_start()
2014-08-22T23:55:59+08:00 DEBUG: session_id: lvlc5nh8ck79u8n0mun64qgl21
2014-08-22T23:55:59+08:00 DEBUG: REQUEST UDI: default::admin/index@default
2014-08-22T23:55:59+08:00 DEBUG: EXECUTE ACTION: Controller_Admin::actionindex()
2014-08-22T23:55:59+08:00 DEBUG: --- SHUTDOWN TIME --- 1408722959.491 (0.087537050247192)sec
2014-08-22T23:56:00+08:00 DEBUG: --- STARTUP TIME --- 1408722959.9752
2014-08-22T23:56:00+08:00 DEBUG: MyApp::_initConfig
2014-08-22T23:56:00+08:00 DEBUG: session_start()
2014-08-22T23:56:00+08:00 DEBUG: session_id: lvlc5nh8ck79u8n0mun64qgl21
2014-08-22T23:56:00+08:00 DEBUG: REQUEST UDI: default::admin/index@default
2014-08-22T23:56:00+08:00 DEBUG: EXECUTE ACTION: Controller_Admin::actionindex()
2014-08-22T23:56:00+08:00 DEBUG: --- SHUTDOWN TIME --- 1408722960.056 (0.080766916275024)sec
